<html>
<head>
<title>TestNG:  test login</title>
<link href="../testng.css" rel="stylesheet" type="text/css" />
<link href="../my-testng.css" rel="stylesheet" type="text/css" />

<style type="text/css">
.log { display: none;} 
.stack-trace { display: none;} 
</style>
<script type="text/javascript">
<!--
function flip(e) {
  current = e.style.display;
  if (current == 'block') {
    e.style.display = 'none';
    return 0;
  }
  else {
    e.style.display = 'block';
    return 1;
  }
}

function toggleBox(szDivId, elem, msg1, msg2)
{
  var res = -1;  if (document.getElementById) {
    res = flip(document.getElementById(szDivId));
  }
  else if (document.all) {
    // this is the way old msie versions work
    res = flip(document.all[szDivId]);
  }
  if(elem) {
    if(res == 0) elem.innerHTML = msg1; else elem.innerHTML = msg2;
  }

}

function toggleAllBoxes() {
  if (document.getElementsByTagName) {
    d = document.getElementsByTagName('div');
    for (i = 0; i < d.length; i++) {
      if (d[i].className == 'log') {
        flip(d[i]);
      }
    }
  }
}

// -->
</script>

</head>
<body>
<h2 align='center'>test login</h2><table border='1' align="center">
<tr>
<td>Tests passed/Failed/Skipped:</td><td>14/16/0</td>
</tr><tr>
<td>Started on:</td><td>Fri Dec 10 12:32:54 ICT 2021</td>
</tr>
<tr><td>Total time:</td><td>278 seconds (278473 ms)</td>
</tr><tr>
<td>Included groups:</td><td></td>
</tr><tr>
<td>Excluded groups:</td><td></td>
</tr>
</table><p/>
<small><i>(Hover the method name to see the test class name)</i></small><p/>
<table width='100%' border='1' class='invocation-failed'>
<tr><td colspan='4' align='center'><b>FAILED TESTS</b></td></tr>
<tr><td><b>Test method</b></td>
<td width="30%"><b>Exception</b></td>
<td width="10%"><b>Time (seconds)</b></td>
<td><b>Instance</b></td>
</tr>
<tr>
<td title='Login.LoginTest.login()'><b>login</b><br>Test class: Login.LoginTest<br>Parameters: kiểm tra đăng nhập thành công với password là chữ cái, aaaaa, aaaaa, Dashboard ‹ Animenews — WordPress, 1</td>
<td><div><pre>java.lang.AssertionError: expected [Dashboard ‹ Animenews — WordPress] but found [Hồ sơ ‹ Animenews — WordPress]
	at Login.LoginTest.login(LoginTest.java:162)
	at java.base/java.util.ArrayList.forEach(ArrayList.java:1511)
... Removed 32 stack frames</pre></div><a href='#' onClick='toggleBox("stack-trace1730154498", this, "Click to show all stack frames", "Click to hide stack frames")'>Click to show all stack frames</a>
<div class='stack-trace' id='stack-trace1730154498'><pre>java.lang.AssertionError: expected [Dashboard ‹ Animenews — WordPress] but found [Hồ sơ ‹ Animenews — WordPress]
	at org.testng.Assert.fail(Assert.java:99)
	at org.testng.Assert.failNotEquals(Assert.java:1037)
	at org.testng.Assert.assertEqualsImpl(Assert.java:140)
	at org.testng.Assert.assertEquals(Assert.java:122)
	at org.testng.Assert.assertEquals(Assert.java:629)
	at org.testng.Assert.assertEquals(Assert.java:639)
	at Login.LoginTest.login(LoginTest.java:162)
	at jdk.internal.reflect.GeneratedMethodAccessor2.invoke(Unknown Source)
	at java.base/jdk.internal.reflect.DelegatingMethodAccessorImpl.invoke(DelegatingMethodAccessorImpl.java:43)
	at java.base/java.lang.reflect.Method.invoke(Method.java:568)
	at org.testng.internal.MethodInvocationHelper.invokeMethod(MethodInvocationHelper.java:133)
	at org.testng.internal.TestInvoker.invokeMethod(TestInvoker.java:598)
	at org.testng.internal.TestInvoker.invokeTestMethod(TestInvoker.java:173)
	at org.testng.internal.MethodRunner.runInSequence(MethodRunner.java:46)
	at org.testng.internal.TestInvoker$MethodInvocationAgent.invoke(TestInvoker.java:824)
	at org.testng.internal.TestInvoker.invokeTestMethods(TestInvoker.java:146)
	at org.testng.internal.TestMethodWorker.invokeTestMethods(TestMethodWorker.java:146)
	at org.testng.internal.TestMethodWorker.run(TestMethodWorker.java:128)
	at java.base/java.util.ArrayList.forEach(ArrayList.java:1511)
	at org.testng.TestRunner.privateRun(TestRunner.java:794)
	at org.testng.TestRunner.run(TestRunner.java:596)
	at org.testng.SuiteRunner.runTest(SuiteRunner.java:377)
	at org.testng.SuiteRunner.runSequentially(SuiteRunner.java:371)
	at org.testng.SuiteRunner.privateRun(SuiteRunner.java:332)
	at org.testng.SuiteRunner.run(SuiteRunner.java:276)
	at org.testng.SuiteRunnerWorker.runSuite(SuiteRunnerWorker.java:53)
	at org.testng.SuiteRunnerWorker.run(SuiteRunnerWorker.java:96)
	at org.testng.TestNG.runSuitesSequentially(TestNG.java:1212)
	at org.testng.TestNG.runSuitesLocally(TestNG.java:1134)
	at org.testng.TestNG.runSuites(TestNG.java:1063)
	at org.testng.TestNG.run(TestNG.java:1031)
	at org.testng.remote.AbstractRemoteTestNG.run(AbstractRemoteTestNG.java:115)
	at org.testng.remote.RemoteTestNG.initAndRun(RemoteTestNG.java:251)
	at org.testng.remote.RemoteTestNG.main(RemoteTestNG.java:77)
</pre></div></td>
<td>12</td>
<td>Login.LoginTest@62379589</td></tr>
<tr>
<td title='Login.LoginTest.login()'><b>login</b><br>Test class: Login.LoginTest<br>Parameters: Kiểm tra đăng nhập với password chứa ký tự đặc biệt, author, d67^NUCfh2*Z&*f3N#5kWpH5, Dashboard ‹ Animenews — WordPress, 1</td>
<td><div><pre>java.lang.AssertionError: expected [Dashboard ‹ Animenews — WordPress] but found [Hồ sơ ‹ Animenews — WordPress]
	at Login.LoginTest.login(LoginTest.java:162)
	at java.base/java.util.ArrayList.forEach(ArrayList.java:1511)
... Removed 33 stack frames</pre></div><a href='#' onClick='toggleBox("stack-trace1147334625", this, "Click to show all stack frames", "Click to hide stack frames")'>Click to show all stack frames</a>
<div class='stack-trace' id='stack-trace1147334625'><pre>java.lang.AssertionError: expected [Dashboard ‹ Animenews — WordPress] but found [Hồ sơ ‹ Animenews — WordPress]
	at org.testng.Assert.fail(Assert.java:99)
	at org.testng.Assert.failNotEquals(Assert.java:1037)
	at org.testng.Assert.assertEqualsImpl(Assert.java:140)
	at org.testng.Assert.assertEquals(Assert.java:122)
	at org.testng.Assert.assertEquals(Assert.java:629)
	at org.testng.Assert.assertEquals(Assert.java:639)
	at Login.LoginTest.login(LoginTest.java:162)
	at java.base/jdk.internal.reflect.NativeMethodAccessorImpl.invoke0(Native Method)
	at java.base/jdk.internal.reflect.NativeMethodAccessorImpl.invoke(NativeMethodAccessorImpl.java:77)
	at java.base/jdk.internal.reflect.DelegatingMethodAccessorImpl.invoke(DelegatingMethodAccessorImpl.java:43)
	at java.base/java.lang.reflect.Method.invoke(Method.java:568)
	at org.testng.internal.MethodInvocationHelper.invokeMethod(MethodInvocationHelper.java:133)
	at org.testng.internal.TestInvoker.invokeMethod(TestInvoker.java:598)
	at org.testng.internal.TestInvoker.invokeTestMethod(TestInvoker.java:173)
	at org.testng.internal.MethodRunner.runInSequence(MethodRunner.java:46)
	at org.testng.internal.TestInvoker$MethodInvocationAgent.invoke(TestInvoker.java:824)
	at org.testng.internal.TestInvoker.invokeTestMethods(TestInvoker.java:146)
	at org.testng.internal.TestMethodWorker.invokeTestMethods(TestMethodWorker.java:146)
	at org.testng.internal.TestMethodWorker.run(TestMethodWorker.java:128)
	at java.base/java.util.ArrayList.forEach(ArrayList.java:1511)
	at org.testng.TestRunner.privateRun(TestRunner.java:794)
	at org.testng.TestRunner.run(TestRunner.java:596)
	at org.testng.SuiteRunner.runTest(SuiteRunner.java:377)
	at org.testng.SuiteRunner.runSequentially(SuiteRunner.java:371)
	at org.testng.SuiteRunner.privateRun(SuiteRunner.java:332)
	at org.testng.SuiteRunner.run(SuiteRunner.java:276)
	at org.testng.SuiteRunnerWorker.runSuite(SuiteRunnerWorker.java:53)
	at org.testng.SuiteRunnerWorker.run(SuiteRunnerWorker.java:96)
	at org.testng.TestNG.runSuitesSequentially(TestNG.java:1212)
	at org.testng.TestNG.runSuitesLocally(TestNG.java:1134)
	at org.testng.TestNG.runSuites(TestNG.java:1063)
	at org.testng.TestNG.run(TestNG.java:1031)
	at org.testng.remote.AbstractRemoteTestNG.run(AbstractRemoteTestNG.java:115)
	at org.testng.remote.RemoteTestNG.initAndRun(RemoteTestNG.java:251)
	at org.testng.remote.RemoteTestNG.main(RemoteTestNG.java:77)
</pre></div></td>
<td>8</td>
<td>Login.LoginTest@62379589</td></tr>
<tr>
<td title='Login.LoginTest.login()'><b>login</b><br>Test class: Login.LoginTest<br>Parameters: Kiểm tra đăng nhập với username chứa ký tự có dấu, hélo12, 1234, Lỗi: tên đăng nhập hélo12 chưa được đăng ký trên trang web này. Nếu bạn không chắc chắn về tên người dùng của mình, hãy thử địa chỉ email của bạn., 0</td>
<td><div><pre>java.lang.AssertionError: expected [Lỗi: tên đăng nhập hélo12 chưa được đăng ký trên trang web này. Nếu bạn không chắc chắn về tên người dùng của mình, hãy thử địa chỉ email của bạn.] but found [Lỗi: tên đăng nhập helo12 chưa được đăng ký trên trang web này. Nếu bạn không chắc chắn về tên người dùng của mình, hãy thử địa chỉ email của bạn.]
	at Login.LoginTest.login(LoginTest.java:170)
	at java.base/java.util.ArrayList.forEach(ArrayList.java:1511)
... Removed 33 stack frames</pre></div><a href='#' onClick='toggleBox("stack-trace1842571958", this, "Click to show all stack frames", "Click to hide stack frames")'>Click to show all stack frames</a>
<div class='stack-trace' id='stack-trace1842571958'><pre>java.lang.AssertionError: expected [Lỗi: tên đăng nhập hélo12 chưa được đăng ký trên trang web này. Nếu bạn không chắc chắn về tên người dùng của mình, hãy thử địa chỉ email của bạn.] but found [Lỗi: tên đăng nhập helo12 chưa được đăng ký trên trang web này. Nếu bạn không chắc chắn về tên người dùng của mình, hãy thử địa chỉ email của bạn.]
	at org.testng.Assert.fail(Assert.java:99)
	at org.testng.Assert.failNotEquals(Assert.java:1037)
	at org.testng.Assert.assertEqualsImpl(Assert.java:140)
	at org.testng.Assert.assertEquals(Assert.java:122)
	at org.testng.Assert.assertEquals(Assert.java:629)
	at org.testng.Assert.assertEquals(Assert.java:639)
	at Login.LoginTest.login(LoginTest.java:170)
	at java.base/jdk.internal.reflect.NativeMethodAccessorImpl.invoke0(Native Method)
	at java.base/jdk.internal.reflect.NativeMethodAccessorImpl.invoke(NativeMethodAccessorImpl.java:77)
	at java.base/jdk.internal.reflect.DelegatingMethodAccessorImpl.invoke(DelegatingMethodAccessorImpl.java:43)
	at java.base/java.lang.reflect.Method.invoke(Method.java:568)
	at org.testng.internal.MethodInvocationHelper.invokeMethod(MethodInvocationHelper.java:133)
	at org.testng.internal.TestInvoker.invokeMethod(TestInvoker.java:598)
	at org.testng.internal.TestInvoker.invokeTestMethod(TestInvoker.java:173)
	at org.testng.internal.MethodRunner.runInSequence(MethodRunner.java:46)
	at org.testng.internal.TestInvoker$MethodInvocationAgent.invoke(TestInvoker.java:824)
	at org.testng.internal.TestInvoker.invokeTestMethods(TestInvoker.java:146)
	at org.testng.internal.TestMethodWorker.invokeTestMethods(TestMethodWorker.java:146)
	at org.testng.internal.TestMethodWorker.run(TestMethodWorker.java:128)
	at java.base/java.util.ArrayList.forEach(ArrayList.java:1511)
	at org.testng.TestRunner.privateRun(TestRunner.java:794)
	at org.testng.TestRunner.run(TestRunner.java:596)
	at org.testng.SuiteRunner.runTest(SuiteRunner.java:377)
	at org.testng.SuiteRunner.runSequentially(SuiteRunner.java:371)
	at org.testng.SuiteRunner.privateRun(SuiteRunner.java:332)
	at org.testng.SuiteRunner.run(SuiteRunner.java:276)
	at org.testng.SuiteRunnerWorker.runSuite(SuiteRunnerWorker.java:53)
	at org.testng.SuiteRunnerWorker.run(SuiteRunnerWorker.java:96)
	at org.testng.TestNG.runSuitesSequentially(TestNG.java:1212)
	at org.testng.TestNG.runSuitesLocally(TestNG.java:1134)
	at org.testng.TestNG.runSuites(TestNG.java:1063)
	at org.testng.TestNG.run(TestNG.java:1031)
	at org.testng.remote.AbstractRemoteTestNG.run(AbstractRemoteTestNG.java:115)
	at org.testng.remote.RemoteTestNG.initAndRun(RemoteTestNG.java:251)
	at org.testng.remote.RemoteTestNG.main(RemoteTestNG.java:77)
</pre></div></td>
<td>4</td>
<td>Login.LoginTest@62379589</td></tr>
<tr>
<td title='Login.LoginTest.login()'><b>login</b><br>Test class: Login.LoginTest<br>Parameters: kiểm tra đăng nhập thất bại với username chưa đăng ký là chữ cái, aaaaab1, aaaaa, Lỗi: tên đăng nhập aaaaab chưa được đăng ký trên trang web này. Nếu bạn không chắc chắn về tên người dùng của mình, hãy thử địa chỉ email của bạn., 0</td>
<td><div><pre>java.lang.AssertionError: expected [Lỗi: tên đăng nhập aaaaab chưa được đăng ký trên trang web này. Nếu bạn không chắc chắn về tên người dùng của mình, hãy thử địa chỉ email của bạn.] but found [Lỗi: tên đăng nhập aaaaab1 chưa được đăng ký trên trang web này. Nếu bạn không chắc chắn về tên người dùng của mình, hãy thử địa chỉ email của bạn.]
	at Login.LoginTest.login(LoginTest.java:170)
	at java.base/java.util.ArrayList.forEach(ArrayList.java:1511)
... Removed 32 stack frames</pre></div><a href='#' onClick='toggleBox("stack-trace1535875885", this, "Click to show all stack frames", "Click to hide stack frames")'>Click to show all stack frames</a>
<div class='stack-trace' id='stack-trace1535875885'><pre>java.lang.AssertionError: expected [Lỗi: tên đăng nhập aaaaab chưa được đăng ký trên trang web này. Nếu bạn không chắc chắn về tên người dùng của mình, hãy thử địa chỉ email của bạn.] but found [Lỗi: tên đăng nhập aaaaab1 chưa được đăng ký trên trang web này. Nếu bạn không chắc chắn về tên người dùng của mình, hãy thử địa chỉ email của bạn.]
	at org.testng.Assert.fail(Assert.java:99)
	at org.testng.Assert.failNotEquals(Assert.java:1037)
	at org.testng.Assert.assertEqualsImpl(Assert.java:140)
	at org.testng.Assert.assertEquals(Assert.java:122)
	at org.testng.Assert.assertEquals(Assert.java:629)
	at org.testng.Assert.assertEquals(Assert.java:639)
	at Login.LoginTest.login(LoginTest.java:170)
	at jdk.internal.reflect.GeneratedMethodAccessor2.invoke(Unknown Source)
	at java.base/jdk.internal.reflect.DelegatingMethodAccessorImpl.invoke(DelegatingMethodAccessorImpl.java:43)
	at java.base/java.lang.reflect.Method.invoke(Method.java:568)
	at org.testng.internal.MethodInvocationHelper.invokeMethod(MethodInvocationHelper.java:133)
	at org.testng.internal.TestInvoker.invokeMethod(TestInvoker.java:598)
	at org.testng.internal.TestInvoker.invokeTestMethod(TestInvoker.java:173)
	at org.testng.internal.MethodRunner.runInSequence(MethodRunner.java:46)
	at org.testng.internal.TestInvoker$MethodInvocationAgent.invoke(TestInvoker.java:824)
	at org.testng.internal.TestInvoker.invokeTestMethods(TestInvoker.java:146)
	at org.testng.internal.TestMethodWorker.invokeTestMethods(TestMethodWorker.java:146)
	at org.testng.internal.TestMethodWorker.run(TestMethodWorker.java:128)
	at java.base/java.util.ArrayList.forEach(ArrayList.java:1511)
	at org.testng.TestRunner.privateRun(TestRunner.java:794)
	at org.testng.TestRunner.run(TestRunner.java:596)
	at org.testng.SuiteRunner.runTest(SuiteRunner.java:377)
	at org.testng.SuiteRunner.runSequentially(SuiteRunner.java:371)
	at org.testng.SuiteRunner.privateRun(SuiteRunner.java:332)
	at org.testng.SuiteRunner.run(SuiteRunner.java:276)
	at org.testng.SuiteRunnerWorker.runSuite(SuiteRunnerWorker.java:53)
	at org.testng.SuiteRunnerWorker.run(SuiteRunnerWorker.java:96)
	at org.testng.TestNG.runSuitesSequentially(TestNG.java:1212)
	at org.testng.TestNG.runSuitesLocally(TestNG.java:1134)
	at org.testng.TestNG.runSuites(TestNG.java:1063)
	at org.testng.TestNG.run(TestNG.java:1031)
	at org.testng.remote.AbstractRemoteTestNG.run(AbstractRemoteTestNG.java:115)
	at org.testng.remote.RemoteTestNG.initAndRun(RemoteTestNG.java:251)
	at org.testng.remote.RemoteTestNG.main(RemoteTestNG.java:77)
</pre></div></td>
<td>2</td>
<td>Login.LoginTest@62379589</td></tr>
<tr>
<td title='Login.LoginTest.login()'><b>login</b><br>Test class: Login.LoginTest<br>Parameters: kiểm tra đăng nhập thất bại tên đăng nhập người dùng chưa đăng ký, wordpress2q, 36hssd, Lỗi: tên đăng nhập wordpress2q chưa được đăng ký trên trang web này. Nếu bạn không chắc chắn về tên người dùng của mình, hãy thử địa chỉ email của bạn., 0</td>
<td><div><pre>java.lang.AssertionError: expected [Lỗi: tên đăng nhập wordpress2q chưa được đăng ký trên trang web này. Nếu bạn không chắc chắn về tên người dùng của mình, hãy thử địa chỉ email của bạn.] but found [null]
	at Login.LoginTest.login(LoginTest.java:170)
	at java.base/java.util.ArrayList.forEach(ArrayList.java:1511)
... Removed 33 stack frames</pre></div><a href='#' onClick='toggleBox("stack-trace1290733383", this, "Click to show all stack frames", "Click to hide stack frames")'>Click to show all stack frames</a>
<div class='stack-trace' id='stack-trace1290733383'><pre>java.lang.AssertionError: expected [Lỗi: tên đăng nhập wordpress2q chưa được đăng ký trên trang web này. Nếu bạn không chắc chắn về tên người dùng của mình, hãy thử địa chỉ email của bạn.] but found [null]
	at org.testng.Assert.fail(Assert.java:99)
	at org.testng.Assert.failNotEquals(Assert.java:1037)
	at org.testng.Assert.assertEqualsImpl(Assert.java:140)
	at org.testng.Assert.assertEquals(Assert.java:122)
	at org.testng.Assert.assertEquals(Assert.java:629)
	at org.testng.Assert.assertEquals(Assert.java:639)
	at Login.LoginTest.login(LoginTest.java:170)
	at java.base/jdk.internal.reflect.NativeMethodAccessorImpl.invoke0(Native Method)
	at java.base/jdk.internal.reflect.NativeMethodAccessorImpl.invoke(NativeMethodAccessorImpl.java:77)
	at java.base/jdk.internal.reflect.DelegatingMethodAccessorImpl.invoke(DelegatingMethodAccessorImpl.java:43)
	at java.base/java.lang.reflect.Method.invoke(Method.java:568)
	at org.testng.internal.MethodInvocationHelper.invokeMethod(MethodInvocationHelper.java:133)
	at org.testng.internal.TestInvoker.invokeMethod(TestInvoker.java:598)
	at org.testng.internal.TestInvoker.invokeTestMethod(TestInvoker.java:173)
	at org.testng.internal.MethodRunner.runInSequence(MethodRunner.java:46)
	at org.testng.internal.TestInvoker$MethodInvocationAgent.invoke(TestInvoker.java:824)
	at org.testng.internal.TestInvoker.invokeTestMethods(TestInvoker.java:146)
	at org.testng.internal.TestMethodWorker.invokeTestMethods(TestMethodWorker.java:146)
	at org.testng.internal.TestMethodWorker.run(TestMethodWorker.java:128)
	at java.base/java.util.ArrayList.forEach(ArrayList.java:1511)
	at org.testng.TestRunner.privateRun(TestRunner.java:794)
	at org.testng.TestRunner.run(TestRunner.java:596)
	at org.testng.SuiteRunner.runTest(SuiteRunner.java:377)
	at org.testng.SuiteRunner.runSequentially(SuiteRunner.java:371)
	at org.testng.SuiteRunner.privateRun(SuiteRunner.java:332)
	at org.testng.SuiteRunner.run(SuiteRunner.java:276)
	at org.testng.SuiteRunnerWorker.runSuite(SuiteRunnerWorker.java:53)
	at org.testng.SuiteRunnerWorker.run(SuiteRunnerWorker.java:96)
	at org.testng.TestNG.runSuitesSequentially(TestNG.java:1212)
	at org.testng.TestNG.runSuitesLocally(TestNG.java:1134)
	at org.testng.TestNG.runSuites(TestNG.java:1063)
	at org.testng.TestNG.run(TestNG.java:1031)
	at org.testng.remote.AbstractRemoteTestNG.run(AbstractRemoteTestNG.java:115)
	at org.testng.remote.RemoteTestNG.initAndRun(RemoteTestNG.java:251)
	at org.testng.remote.RemoteTestNG.main(RemoteTestNG.java:77)
</pre></div></td>
<td>2</td>
<td>Login.LoginTest@62379589</td></tr>
<tr>
<td title='Login.LoginTest.login()'><b>login</b><br>Test class: Login.LoginTest<br>Parameters: kiểm tra đăng nhập thất bại với username chưa đăng ký là chữ số, 111112, 11111, Lỗi: tên đăng nhập 111112 chưa được đăng ký trên trang web này. Nếu bạn không chắc chắn về tên người dùng của mình, hãy thử địa chỉ email của bạn., 0</td>
<td><div><pre>java.lang.AssertionError: expected [Lỗi: tên đăng nhập 111112 chưa được đăng ký trên trang web này. Nếu bạn không chắc chắn về tên người dùng của mình, hãy thử địa chỉ email của bạn.] but found [null]
	at Login.LoginTest.login(LoginTest.java:170)
	at java.base/java.util.ArrayList.forEach(ArrayList.java:1511)
... Removed 32 stack frames</pre></div><a href='#' onClick='toggleBox("stack-trace901225247", this, "Click to show all stack frames", "Click to hide stack frames")'>Click to show all stack frames</a>
<div class='stack-trace' id='stack-trace901225247'><pre>java.lang.AssertionError: expected [Lỗi: tên đăng nhập 111112 chưa được đăng ký trên trang web này. Nếu bạn không chắc chắn về tên người dùng của mình, hãy thử địa chỉ email của bạn.] but found [null]
	at org.testng.Assert.fail(Assert.java:99)
	at org.testng.Assert.failNotEquals(Assert.java:1037)
	at org.testng.Assert.assertEqualsImpl(Assert.java:140)
	at org.testng.Assert.assertEquals(Assert.java:122)
	at org.testng.Assert.assertEquals(Assert.java:629)
	at org.testng.Assert.assertEquals(Assert.java:639)
	at Login.LoginTest.login(LoginTest.java:170)
	at jdk.internal.reflect.GeneratedMethodAccessor2.invoke(Unknown Source)
	at java.base/jdk.internal.reflect.DelegatingMethodAccessorImpl.invoke(DelegatingMethodAccessorImpl.java:43)
	at java.base/java.lang.reflect.Method.invoke(Method.java:568)
	at org.testng.internal.MethodInvocationHelper.invokeMethod(MethodInvocationHelper.java:133)
	at org.testng.internal.TestInvoker.invokeMethod(TestInvoker.java:598)
	at org.testng.internal.TestInvoker.invokeTestMethod(TestInvoker.java:173)
	at org.testng.internal.MethodRunner.runInSequence(MethodRunner.java:46)
	at org.testng.internal.TestInvoker$MethodInvocationAgent.invoke(TestInvoker.java:824)
	at org.testng.internal.TestInvoker.invokeTestMethods(TestInvoker.java:146)
	at org.testng.internal.TestMethodWorker.invokeTestMethods(TestMethodWorker.java:146)
	at org.testng.internal.TestMethodWorker.run(TestMethodWorker.java:128)
	at java.base/java.util.ArrayList.forEach(ArrayList.java:1511)
	at org.testng.TestRunner.privateRun(TestRunner.java:794)
	at org.testng.TestRunner.run(TestRunner.java:596)
	at org.testng.SuiteRunner.runTest(SuiteRunner.java:377)
	at org.testng.SuiteRunner.runSequentially(SuiteRunner.java:371)
	at org.testng.SuiteRunner.privateRun(SuiteRunner.java:332)
	at org.testng.SuiteRunner.run(SuiteRunner.java:276)
	at org.testng.SuiteRunnerWorker.runSuite(SuiteRunnerWorker.java:53)
	at org.testng.SuiteRunnerWorker.run(SuiteRunnerWorker.java:96)
	at org.testng.TestNG.runSuitesSequentially(TestNG.java:1212)
	at org.testng.TestNG.runSuitesLocally(TestNG.java:1134)
	at org.testng.TestNG.runSuites(TestNG.java:1063)
	at org.testng.TestNG.run(TestNG.java:1031)
	at org.testng.remote.AbstractRemoteTestNG.run(AbstractRemoteTestNG.java:115)
	at org.testng.remote.RemoteTestNG.initAndRun(RemoteTestNG.java:251)
	at org.testng.remote.RemoteTestNG.main(RemoteTestNG.java:77)
</pre></div></td>
<td>2</td>
<td>Login.LoginTest@62379589</td></tr>
<tr>
<td title='Login.LoginTest.login()'><b>login</b><br>Test class: Login.LoginTest<br>Parameters: kiểm tra đăng nhập thành công với tên đăng nhập người dùng đã đăng ký, author, d67^NUCfh2*Z&*f3N#5kWpH5, Dashboard ‹ Animenews — WordPress, 1</td>
<td><div><pre>java.lang.AssertionError: expected [Dashboard ‹ Animenews — WordPress] but found [Hồ sơ ‹ Animenews — WordPress]
	at Login.LoginTest.login(LoginTest.java:162)
	at java.base/java.util.ArrayList.forEach(ArrayList.java:1511)
... Removed 33 stack frames</pre></div><a href='#' onClick='toggleBox("stack-trace1288168365", this, "Click to show all stack frames", "Click to hide stack frames")'>Click to show all stack frames</a>
<div class='stack-trace' id='stack-trace1288168365'><pre>java.lang.AssertionError: expected [Dashboard ‹ Animenews — WordPress] but found [Hồ sơ ‹ Animenews — WordPress]
	at org.testng.Assert.fail(Assert.java:99)
	at org.testng.Assert.failNotEquals(Assert.java:1037)
	at org.testng.Assert.assertEqualsImpl(Assert.java:140)
	at org.testng.Assert.assertEquals(Assert.java:122)
	at org.testng.Assert.assertEquals(Assert.java:629)
	at org.testng.Assert.assertEquals(Assert.java:639)
	at Login.LoginTest.login(LoginTest.java:162)
	at java.base/jdk.internal.reflect.NativeMethodAccessorImpl.invoke0(Native Method)
	at java.base/jdk.internal.reflect.NativeMethodAccessorImpl.invoke(NativeMethodAccessorImpl.java:77)
	at java.base/jdk.internal.reflect.DelegatingMethodAccessorImpl.invoke(DelegatingMethodAccessorImpl.java:43)
	at java.base/java.lang.reflect.Method.invoke(Method.java:568)
	at org.testng.internal.MethodInvocationHelper.invokeMethod(MethodInvocationHelper.java:133)
	at org.testng.internal.TestInvoker.invokeMethod(TestInvoker.java:598)
	at org.testng.internal.TestInvoker.invokeTestMethod(TestInvoker.java:173)
	at org.testng.internal.MethodRunner.runInSequence(MethodRunner.java:46)
	at org.testng.internal.TestInvoker$MethodInvocationAgent.invoke(TestInvoker.java:824)
	at org.testng.internal.TestInvoker.invokeTestMethods(TestInvoker.java:146)
	at org.testng.internal.TestMethodWorker.invokeTestMethods(TestMethodWorker.java:146)
	at org.testng.internal.TestMethodWorker.run(TestMethodWorker.java:128)
	at java.base/java.util.ArrayList.forEach(ArrayList.java:1511)
	at org.testng.TestRunner.privateRun(TestRunner.java:794)
	at org.testng.TestRunner.run(TestRunner.java:596)
	at org.testng.SuiteRunner.runTest(SuiteRunner.java:377)
	at org.testng.SuiteRunner.runSequentially(SuiteRunner.java:371)
	at org.testng.SuiteRunner.privateRun(SuiteRunner.java:332)
	at org.testng.SuiteRunner.run(SuiteRunner.java:276)
	at org.testng.SuiteRunnerWorker.runSuite(SuiteRunnerWorker.java:53)
	at org.testng.SuiteRunnerWorker.run(SuiteRunnerWorker.java:96)
	at org.testng.TestNG.runSuitesSequentially(TestNG.java:1212)
	at org.testng.TestNG.runSuitesLocally(TestNG.java:1134)
	at org.testng.TestNG.runSuites(TestNG.java:1063)
	at org.testng.TestNG.run(TestNG.java:1031)
	at org.testng.remote.AbstractRemoteTestNG.run(AbstractRemoteTestNG.java:115)
	at org.testng.remote.RemoteTestNG.initAndRun(RemoteTestNG.java:251)
	at org.testng.remote.RemoteTestNG.main(RemoteTestNG.java:77)
</pre></div></td>
<td>8</td>
<td>Login.LoginTest@62379589</td></tr>
<tr>
<td title='Login.LoginTest.login()'><b>login</b><br>Test class: Login.LoginTest<br>Parameters: kiểm tra đăng nhập thành công với password là ký tự đặc biệt, ag, #*#&a%, Dashboard ‹ Animenews — WordPress, 1</td>
<td><div><pre>java.lang.AssertionError: expected [Dashboard ‹ Animenews — WordPress] but found [Đăng nhập ‹ Animenews — WordPress]
	at Login.LoginTest.login(LoginTest.java:162)
	at java.base/java.util.ArrayList.forEach(ArrayList.java:1511)
... Removed 32 stack frames</pre></div><a href='#' onClick='toggleBox("stack-trace1717442773", this, "Click to show all stack frames", "Click to hide stack frames")'>Click to show all stack frames</a>
<div class='stack-trace' id='stack-trace1717442773'><pre>java.lang.AssertionError: expected [Dashboard ‹ Animenews — WordPress] but found [Đăng nhập ‹ Animenews — WordPress]
	at org.testng.Assert.fail(Assert.java:99)
	at org.testng.Assert.failNotEquals(Assert.java:1037)
	at org.testng.Assert.assertEqualsImpl(Assert.java:140)
	at org.testng.Assert.assertEquals(Assert.java:122)
	at org.testng.Assert.assertEquals(Assert.java:629)
	at org.testng.Assert.assertEquals(Assert.java:639)
	at Login.LoginTest.login(LoginTest.java:162)
	at jdk.internal.reflect.GeneratedMethodAccessor2.invoke(Unknown Source)
	at java.base/jdk.internal.reflect.DelegatingMethodAccessorImpl.invoke(DelegatingMethodAccessorImpl.java:43)
	at java.base/java.lang.reflect.Method.invoke(Method.java:568)
	at org.testng.internal.MethodInvocationHelper.invokeMethod(MethodInvocationHelper.java:133)
	at org.testng.internal.TestInvoker.invokeMethod(TestInvoker.java:598)
	at org.testng.internal.TestInvoker.invokeTestMethod(TestInvoker.java:173)
	at org.testng.internal.MethodRunner.runInSequence(MethodRunner.java:46)
	at org.testng.internal.TestInvoker$MethodInvocationAgent.invoke(TestInvoker.java:824)
	at org.testng.internal.TestInvoker.invokeTestMethods(TestInvoker.java:146)
	at org.testng.internal.TestMethodWorker.invokeTestMethods(TestMethodWorker.java:146)
	at org.testng.internal.TestMethodWorker.run(TestMethodWorker.java:128)
	at java.base/java.util.ArrayList.forEach(ArrayList.java:1511)
	at org.testng.TestRunner.privateRun(TestRunner.java:794)
	at org.testng.TestRunner.run(TestRunner.java:596)
	at org.testng.SuiteRunner.runTest(SuiteRunner.java:377)
	at org.testng.SuiteRunner.runSequentially(SuiteRunner.java:371)
	at org.testng.SuiteRunner.privateRun(SuiteRunner.java:332)
	at org.testng.SuiteRunner.run(SuiteRunner.java:276)
	at org.testng.SuiteRunnerWorker.runSuite(SuiteRunnerWorker.java:53)
	at org.testng.SuiteRunnerWorker.run(SuiteRunnerWorker.java:96)
	at org.testng.TestNG.runSuitesSequentially(TestNG.java:1212)
	at org.testng.TestNG.runSuitesLocally(TestNG.java:1134)
	at org.testng.TestNG.runSuites(TestNG.java:1063)
	at org.testng.TestNG.run(TestNG.java:1031)
	at org.testng.remote.AbstractRemoteTestNG.run(AbstractRemoteTestNG.java:115)
	at org.testng.remote.RemoteTestNG.initAndRun(RemoteTestNG.java:251)
	at org.testng.remote.RemoteTestNG.main(RemoteTestNG.java:77)
</pre></div></td>
<td>3</td>
<td>Login.LoginTest@62379589</td></tr>
<tr>
<td title='Login.LoginTest.login()'><b>login</b><br>Test class: Login.LoginTest<br>Parameters: Kiểm tra max  length username, LoremIpsumissimplydummytextAwhitespaceremovercanbeusefulifyouredoingcrossbrowsertestingForexampleifyouretestingasubmissionforminvariousbrowsersyoumaywanttofillitfullywithtextsothattherearenolinebreaksSimilarlyyoumaywanttotestinputelementswithverylongtextthathasnospacesAndanotherexampleisgeneratingrandomlookingdataasafterremovingwhitespacesthetextbecomesverylongwithnowordstructureLoremIpsumissimplydummytextAwhitespaceremovercanbeusefulifyouredoingcrossLoremIpsumissimplydummytextAwhitespaceremovercanbeusefulifyouredoingcrossbrowsertestingForexampleifyouretestingasubmissionforminvariousbrowsersyoumaywanttofillitfullywithtextsothattherearenolinebreaksSimilarlyyoumaywanttotestinputelementswithverylongtextthathasnospacesAndanotherexampleisgeneratingrandomlookingdataasafterremovingwhitespacesthetextbecomesverylongwithnowordstructureLoremIpsumissimplydummytextAwhitespaceremovercanbeusefulifyouredoingcrossndanotherexampleisgeneratingrandomlookingdataasafterremovingwhitespacesthetextbecomesverylongwithnowordstructureLoremIpsumissimplydummytextAwhitespaceremovercanbeusefulifyouredoingcross, jfff912, Lỗi: tên đăng nhập LoremIpsumissimplydummytextoftheLoremIpsumissimplydummytextofthe{1000} chưa được đăng ký trên trang web này. Nếu bạn không chắc chắn về tên người dùng của mình, hãy thử địa chỉ email của bạn., 0</td>
<td><div><pre>java.lang.AssertionError: expected [Lỗi: tên đăng nhập LoremIpsumissimplydummytextoftheLoremIpsumissimplydummytextofthe{1000} chưa được đăng ký trên trang web này. Nếu bạn không chắc chắn về tên người dùng của mình, hãy thử địa chỉ email của bạn.] but found [Lỗi: tên đăng nhập LoremIpsumissimplydummytextAwhitespaceremovercanbeusefulifyouredoingcrossbrowsertestingForexampleifyouretestingasubmissionforminvariousbrowsersyoumaywanttofillitfullywithtextsothattherearenolinebreaksSimilarlyyoumaywanttotestinputelementswithverylongtextthathasnospacesAndanotherexampleisgeneratingrandomlookingdataasafterremovingwhitespacesthetextbecomesverylongwithnowordstructureLoremIpsumissimplydummytextAwhitespaceremovercanbeusefulifyouredoingcrossLoremIpsumissimplydummytextAwhitespaceremovercanbeusefulifyouredoingcrossbrowsertestingForexampleifyouretestingasubmissionforminvariousbrowsersyoumaywanttofillitfullywithtextsothattherearenolinebreaksSimilarlyyoumaywanttotestinputelementswithverylongtextthathasnospacesAndanotherexampleisgeneratingrandomlookingdataasafterremovingwhitespacesthetextbecomesverylongwithnowordstructureLoremIpsumissimplydummytextAwhitespaceremovercanbeusefulifyouredoingcrossndanotherexampleisgeneratingrandomlookingdataasafterremovingwhitespacesthetextbecomesverylongwithnowordstructureLoremIpsumissimplydummytextAwhitespaceremovercanbeusefulifyouredoingcross chưa được đăng ký trên trang web này. Nếu bạn không chắc chắn về tên người dùng của mình, hãy thử địa chỉ email của bạn.]
	at Login.LoginTest.login(LoginTest.java:170)
	at java.base/java.util.ArrayList.forEach(ArrayList.java:1511)
... Removed 33 stack frames</pre></div><a href='#' onClick='toggleBox("stack-trace1493274349", this, "Click to show all stack frames", "Click to hide stack frames")'>Click to show all stack frames</a>
<div class='stack-trace' id='stack-trace1493274349'><pre>java.lang.AssertionError: expected [Lỗi: tên đăng nhập LoremIpsumissimplydummytextoftheLoremIpsumissimplydummytextofthe{1000} chưa được đăng ký trên trang web này. Nếu bạn không chắc chắn về tên người dùng của mình, hãy thử địa chỉ email của bạn.] but found [Lỗi: tên đăng nhập LoremIpsumissimplydummytextAwhitespaceremovercanbeusefulifyouredoingcrossbrowsertestingForexampleifyouretestingasubmissionforminvariousbrowsersyoumaywanttofillitfullywithtextsothattherearenolinebreaksSimilarlyyoumaywanttotestinputelementswithverylongtextthathasnospacesAndanotherexampleisgeneratingrandomlookingdataasafterremovingwhitespacesthetextbecomesverylongwithnowordstructureLoremIpsumissimplydummytextAwhitespaceremovercanbeusefulifyouredoingcrossLoremIpsumissimplydummytextAwhitespaceremovercanbeusefulifyouredoingcrossbrowsertestingForexampleifyouretestingasubmissionforminvariousbrowsersyoumaywanttofillitfullywithtextsothattherearenolinebreaksSimilarlyyoumaywanttotestinputelementswithverylongtextthathasnospacesAndanotherexampleisgeneratingrandomlookingdataasafterremovingwhitespacesthetextbecomesverylongwithnowordstructureLoremIpsumissimplydummytextAwhitespaceremovercanbeusefulifyouredoingcrossndanotherexampleisgeneratingrandomlookingdataasafterremovingwhitespacesthetextbecomesverylongwithnowordstructureLoremIpsumissimplydummytextAwhitespaceremovercanbeusefulifyouredoingcross chưa được đăng ký trên trang web này. Nếu bạn không chắc chắn về tên người dùng của mình, hãy thử địa chỉ email của bạn.]
	at org.testng.Assert.fail(Assert.java:99)
	at org.testng.Assert.failNotEquals(Assert.java:1037)
	at org.testng.Assert.assertEqualsImpl(Assert.java:140)
	at org.testng.Assert.assertEquals(Assert.java:122)
	at org.testng.Assert.assertEquals(Assert.java:629)
	at org.testng.Assert.assertEquals(Assert.java:639)
	at Login.LoginTest.login(LoginTest.java:170)
	at java.base/jdk.internal.reflect.NativeMethodAccessorImpl.invoke0(Native Method)
	at java.base/jdk.internal.reflect.NativeMethodAccessorImpl.invoke(NativeMethodAccessorImpl.java:77)
	at java.base/jdk.internal.reflect.DelegatingMethodAccessorImpl.invoke(DelegatingMethodAccessorImpl.java:43)
	at java.base/java.lang.reflect.Method.invoke(Method.java:568)
	at org.testng.internal.MethodInvocationHelper.invokeMethod(MethodInvocationHelper.java:133)
	at org.testng.internal.TestInvoker.invokeMethod(TestInvoker.java:598)
	at org.testng.internal.TestInvoker.invokeTestMethod(TestInvoker.java:173)
	at org.testng.internal.MethodRunner.runInSequence(MethodRunner.java:46)
	at org.testng.internal.TestInvoker$MethodInvocationAgent.invoke(TestInvoker.java:824)
	at org.testng.internal.TestInvoker.invokeTestMethods(TestInvoker.java:146)
	at org.testng.internal.TestMethodWorker.invokeTestMethods(TestMethodWorker.java:146)
	at org.testng.internal.TestMethodWorker.run(TestMethodWorker.java:128)
	at java.base/java.util.ArrayList.forEach(ArrayList.java:1511)
	at org.testng.TestRunner.privateRun(TestRunner.java:794)
	at org.testng.TestRunner.run(TestRunner.java:596)
	at org.testng.SuiteRunner.runTest(SuiteRunner.java:377)
	at org.testng.SuiteRunner.runSequentially(SuiteRunner.java:371)
	at org.testng.SuiteRunner.privateRun(SuiteRunner.java:332)
	at org.testng.SuiteRunner.run(SuiteRunner.java:276)
	at org.testng.SuiteRunnerWorker.runSuite(SuiteRunnerWorker.java:53)
	at org.testng.SuiteRunnerWorker.run(SuiteRunnerWorker.java:96)
	at org.testng.TestNG.runSuitesSequentially(TestNG.java:1212)
	at org.testng.TestNG.runSuitesLocally(TestNG.java:1134)
	at org.testng.TestNG.runSuites(TestNG.java:1063)
	at org.testng.TestNG.run(TestNG.java:1031)
	at org.testng.remote.AbstractRemoteTestNG.run(AbstractRemoteTestNG.java:115)
	at org.testng.remote.RemoteTestNG.initAndRun(RemoteTestNG.java:251)
	at org.testng.remote.RemoteTestNG.main(RemoteTestNG.java:77)
</pre></div></td>
<td>4</td>
<td>Login.LoginTest@62379589</td></tr>
<tr>
<td title='Login.LoginTest.login()'><b>login</b><br>Test class: Login.LoginTest<br>Parameters: kiểm tra đăng nhập thành công với username đã đăng ký là chữ cái, aaaaa, aaaaa, Dashboard ‹ Animenews — WordPress, 1</td>
<td><div><pre>java.lang.AssertionError: expected [Dashboard ‹ Animenews — WordPress] but found [Hồ sơ ‹ Animenews — WordPress]
	at Login.LoginTest.login(LoginTest.java:162)
	at java.base/java.util.ArrayList.forEach(ArrayList.java:1511)
... Removed 32 stack frames</pre></div><a href='#' onClick='toggleBox("stack-trace538661623", this, "Click to show all stack frames", "Click to hide stack frames")'>Click to show all stack frames</a>
<div class='stack-trace' id='stack-trace538661623'><pre>java.lang.AssertionError: expected [Dashboard ‹ Animenews — WordPress] but found [Hồ sơ ‹ Animenews — WordPress]
	at org.testng.Assert.fail(Assert.java:99)
	at org.testng.Assert.failNotEquals(Assert.java:1037)
	at org.testng.Assert.assertEqualsImpl(Assert.java:140)
	at org.testng.Assert.assertEquals(Assert.java:122)
	at org.testng.Assert.assertEquals(Assert.java:629)
	at org.testng.Assert.assertEquals(Assert.java:639)
	at Login.LoginTest.login(LoginTest.java:162)
	at jdk.internal.reflect.GeneratedMethodAccessor2.invoke(Unknown Source)
	at java.base/jdk.internal.reflect.DelegatingMethodAccessorImpl.invoke(DelegatingMethodAccessorImpl.java:43)
	at java.base/java.lang.reflect.Method.invoke(Method.java:568)
	at org.testng.internal.MethodInvocationHelper.invokeMethod(MethodInvocationHelper.java:133)
	at org.testng.internal.TestInvoker.invokeMethod(TestInvoker.java:598)
	at org.testng.internal.TestInvoker.invokeTestMethod(TestInvoker.java:173)
	at org.testng.internal.MethodRunner.runInSequence(MethodRunner.java:46)
	at org.testng.internal.TestInvoker$MethodInvocationAgent.invoke(TestInvoker.java:824)
	at org.testng.internal.TestInvoker.invokeTestMethods(TestInvoker.java:146)
	at org.testng.internal.TestMethodWorker.invokeTestMethods(TestMethodWorker.java:146)
	at org.testng.internal.TestMethodWorker.run(TestMethodWorker.java:128)
	at java.base/java.util.ArrayList.forEach(ArrayList.java:1511)
	at org.testng.TestRunner.privateRun(TestRunner.java:794)
	at org.testng.TestRunner.run(TestRunner.java:596)
	at org.testng.SuiteRunner.runTest(SuiteRunner.java:377)
	at org.testng.SuiteRunner.runSequentially(SuiteRunner.java:371)
	at org.testng.SuiteRunner.privateRun(SuiteRunner.java:332)
	at org.testng.SuiteRunner.run(SuiteRunner.java:276)
	at org.testng.SuiteRunnerWorker.runSuite(SuiteRunnerWorker.java:53)
	at org.testng.SuiteRunnerWorker.run(SuiteRunnerWorker.java:96)
	at org.testng.TestNG.runSuitesSequentially(TestNG.java:1212)
	at org.testng.TestNG.runSuitesLocally(TestNG.java:1134)
	at org.testng.TestNG.runSuites(TestNG.java:1063)
	at org.testng.TestNG.run(TestNG.java:1031)
	at org.testng.remote.AbstractRemoteTestNG.run(AbstractRemoteTestNG.java:115)
	at org.testng.remote.RemoteTestNG.initAndRun(RemoteTestNG.java:251)
	at org.testng.remote.RemoteTestNG.main(RemoteTestNG.java:77)
</pre></div></td>
<td>6</td>
<td>Login.LoginTest@62379589</td></tr>
<tr>
<td title='Login.LoginTest.login()'><b>login</b><br>Test class: Login.LoginTest<br>Parameters: kiểm tra đăng nhập thành công với password là số, 11111, 11111, Dashboard ‹ Animenews — WordPress, 1</td>
<td><div><pre>java.lang.AssertionError: expected [Dashboard ‹ Animenews — WordPress] but found [Hồ sơ ‹ Animenews — WordPress]
	at Login.LoginTest.login(LoginTest.java:162)
	at java.base/java.util.ArrayList.forEach(ArrayList.java:1511)
... Removed 32 stack frames</pre></div><a href='#' onClick='toggleBox("stack-trace1969829158", this, "Click to show all stack frames", "Click to hide stack frames")'>Click to show all stack frames</a>
<div class='stack-trace' id='stack-trace1969829158'><pre>java.lang.AssertionError: expected [Dashboard ‹ Animenews — WordPress] but found [Hồ sơ ‹ Animenews — WordPress]
	at org.testng.Assert.fail(Assert.java:99)
	at org.testng.Assert.failNotEquals(Assert.java:1037)
	at org.testng.Assert.assertEqualsImpl(Assert.java:140)
	at org.testng.Assert.assertEquals(Assert.java:122)
	at org.testng.Assert.assertEquals(Assert.java:629)
	at org.testng.Assert.assertEquals(Assert.java:639)
	at Login.LoginTest.login(LoginTest.java:162)
	at jdk.internal.reflect.GeneratedMethodAccessor2.invoke(Unknown Source)
	at java.base/jdk.internal.reflect.DelegatingMethodAccessorImpl.invoke(DelegatingMethodAccessorImpl.java:43)
	at java.base/java.lang.reflect.Method.invoke(Method.java:568)
	at org.testng.internal.MethodInvocationHelper.invokeMethod(MethodInvocationHelper.java:133)
	at org.testng.internal.TestInvoker.invokeMethod(TestInvoker.java:598)
	at org.testng.internal.TestInvoker.invokeTestMethod(TestInvoker.java:173)
	at org.testng.internal.MethodRunner.runInSequence(MethodRunner.java:46)
	at org.testng.internal.TestInvoker$MethodInvocationAgent.invoke(TestInvoker.java:824)
	at org.testng.internal.TestInvoker.invokeTestMethods(TestInvoker.java:146)
	at org.testng.internal.TestMethodWorker.invokeTestMethods(TestMethodWorker.java:146)
	at org.testng.internal.TestMethodWorker.run(TestMethodWorker.java:128)
	at java.base/java.util.ArrayList.forEach(ArrayList.java:1511)
	at org.testng.TestRunner.privateRun(TestRunner.java:794)
	at org.testng.TestRunner.run(TestRunner.java:596)
	at org.testng.SuiteRunner.runTest(SuiteRunner.java:377)
	at org.testng.SuiteRunner.runSequentially(SuiteRunner.java:371)
	at org.testng.SuiteRunner.privateRun(SuiteRunner.java:332)
	at org.testng.SuiteRunner.run(SuiteRunner.java:276)
	at org.testng.SuiteRunnerWorker.runSuite(SuiteRunnerWorker.java:53)
	at org.testng.SuiteRunnerWorker.run(SuiteRunnerWorker.java:96)
	at org.testng.TestNG.runSuitesSequentially(TestNG.java:1212)
	at org.testng.TestNG.runSuitesLocally(TestNG.java:1134)
	at org.testng.TestNG.runSuites(TestNG.java:1063)
	at org.testng.TestNG.run(TestNG.java:1031)
	at org.testng.remote.AbstractRemoteTestNG.run(AbstractRemoteTestNG.java:115)
	at org.testng.remote.RemoteTestNG.initAndRun(RemoteTestNG.java:251)
	at org.testng.remote.RemoteTestNG.main(RemoteTestNG.java:77)
</pre></div></td>
<td>8</td>
<td>Login.LoginTest@62379589</td></tr>
<tr>
<td title='Login.LoginTest.login()'><b>login</b><br>Test class: Login.LoginTest<br>Parameters: Kiểm tra đăng nhập với username chứa ký tự đặc biệt, ad#min, 11111, Lỗi: tên đăng nhập ad#min chưa được đăng ký trên trang web này. Nếu bạn không chắc chắn về tên người dùng của mình, hãy thử địa chỉ email của bạn.
thông báo lỗi usename không hợp lệ, 0</td>
<td><div><pre>java.lang.AssertionError: expected [Lỗi: tên đăng nhập ad#min chưa được đăng ký trên trang web này. Nếu bạn không chắc chắn về tên người dùng của mình, hãy thử địa chỉ email của bạn.
thông báo lỗi usename không hợp lệ] but found [Lỗi: tên đăng nhập ad#min chưa được đăng ký trên trang web này. Nếu bạn không chắc chắn về tên người dùng của mình, hãy thử địa chỉ email của bạn.]
	at Login.LoginTest.login(LoginTest.java:170)
	at java.base/java.util.ArrayList.forEach(ArrayList.java:1511)
... Removed 33 stack frames</pre></div><a href='#' onClick='toggleBox("stack-trace840109665", this, "Click to show all stack frames", "Click to hide stack frames")'>Click to show all stack frames</a>
<div class='stack-trace' id='stack-trace840109665'><pre>java.lang.AssertionError: expected [Lỗi: tên đăng nhập ad#min chưa được đăng ký trên trang web này. Nếu bạn không chắc chắn về tên người dùng của mình, hãy thử địa chỉ email của bạn.
thông báo lỗi usename không hợp lệ] but found [Lỗi: tên đăng nhập ad#min chưa được đăng ký trên trang web này. Nếu bạn không chắc chắn về tên người dùng của mình, hãy thử địa chỉ email của bạn.]
	at org.testng.Assert.fail(Assert.java:99)
	at org.testng.Assert.failNotEquals(Assert.java:1037)
	at org.testng.Assert.assertEqualsImpl(Assert.java:140)
	at org.testng.Assert.assertEquals(Assert.java:122)
	at org.testng.Assert.assertEquals(Assert.java:629)
	at org.testng.Assert.assertEquals(Assert.java:639)
	at Login.LoginTest.login(LoginTest.java:170)
	at java.base/jdk.internal.reflect.NativeMethodAccessorImpl.invoke0(Native Method)
	at java.base/jdk.internal.reflect.NativeMethodAccessorImpl.invoke(NativeMethodAccessorImpl.java:77)
	at java.base/jdk.internal.reflect.DelegatingMethodAccessorImpl.invoke(DelegatingMethodAccessorImpl.java:43)
	at java.base/java.lang.reflect.Method.invoke(Method.java:568)
	at org.testng.internal.MethodInvocationHelper.invokeMethod(MethodInvocationHelper.java:133)
	at org.testng.internal.TestInvoker.invokeMethod(TestInvoker.java:598)
	at org.testng.internal.TestInvoker.invokeTestMethod(TestInvoker.java:173)
	at org.testng.internal.MethodRunner.runInSequence(MethodRunner.java:46)
	at org.testng.internal.TestInvoker$MethodInvocationAgent.invoke(TestInvoker.java:824)
	at org.testng.internal.TestInvoker.invokeTestMethods(TestInvoker.java:146)
	at org.testng.internal.TestMethodWorker.invokeTestMethods(TestMethodWorker.java:146)
	at org.testng.internal.TestMethodWorker.run(TestMethodWorker.java:128)
	at java.base/java.util.ArrayList.forEach(ArrayList.java:1511)
	at org.testng.TestRunner.privateRun(TestRunner.java:794)
	at org.testng.TestRunner.run(TestRunner.java:596)
	at org.testng.SuiteRunner.runTest(SuiteRunner.java:377)
	at org.testng.SuiteRunner.runSequentially(SuiteRunner.java:371)
	at org.testng.SuiteRunner.privateRun(SuiteRunner.java:332)
	at org.testng.SuiteRunner.run(SuiteRunner.java:276)
	at org.testng.SuiteRunnerWorker.runSuite(SuiteRunnerWorker.java:53)
	at org.testng.SuiteRunnerWorker.run(SuiteRunnerWorker.java:96)
	at org.testng.TestNG.runSuitesSequentially(TestNG.java:1212)
	at org.testng.TestNG.runSuitesLocally(TestNG.java:1134)
	at org.testng.TestNG.runSuites(TestNG.java:1063)
	at org.testng.TestNG.run(TestNG.java:1031)
	at org.testng.remote.AbstractRemoteTestNG.run(AbstractRemoteTestNG.java:115)
	at org.testng.remote.RemoteTestNG.initAndRun(RemoteTestNG.java:251)
	at org.testng.remote.RemoteTestNG.main(RemoteTestNG.java:77)
</pre></div></td>
<td>3</td>
<td>Login.LoginTest@62379589</td></tr>
<tr>
<td title='Login.LoginTest.login()'><b>login</b><br>Test class: Login.LoginTest<br>Parameters: kiểm tra đăng nhập thất bại với tên đăng nhập email sai password, afa@gmail.com, 36hsssafd, Lỗi: Mật khẩu bạn nhập cho địa chỉ email afa@gmail.com không đúng. Bạn quên mật khẩu?, 0</td>
<td><div><pre>java.lang.AssertionError: expected [Lỗi: Mật khẩu bạn nhập cho địa chỉ email afa@gmail.com không đúng. Bạn quên mật khẩu?] but found [null]
	at Login.LoginTest.login(LoginTest.java:170)
	at java.base/java.util.ArrayList.forEach(ArrayList.java:1511)
... Removed 32 stack frames</pre></div><a href='#' onClick='toggleBox("stack-trace808663361", this, "Click to show all stack frames", "Click to hide stack frames")'>Click to show all stack frames</a>
<div class='stack-trace' id='stack-trace808663361'><pre>java.lang.AssertionError: expected [Lỗi: Mật khẩu bạn nhập cho địa chỉ email afa@gmail.com không đúng. Bạn quên mật khẩu?] but found [null]
	at org.testng.Assert.fail(Assert.java:99)
	at org.testng.Assert.failNotEquals(Assert.java:1037)
	at org.testng.Assert.assertEqualsImpl(Assert.java:140)
	at org.testng.Assert.assertEquals(Assert.java:122)
	at org.testng.Assert.assertEquals(Assert.java:629)
	at org.testng.Assert.assertEquals(Assert.java:639)
	at Login.LoginTest.login(LoginTest.java:170)
	at jdk.internal.reflect.GeneratedMethodAccessor2.invoke(Unknown Source)
	at java.base/jdk.internal.reflect.DelegatingMethodAccessorImpl.invoke(DelegatingMethodAccessorImpl.java:43)
	at java.base/java.lang.reflect.Method.invoke(Method.java:568)
	at org.testng.internal.MethodInvocationHelper.invokeMethod(MethodInvocationHelper.java:133)
	at org.testng.internal.TestInvoker.invokeMethod(TestInvoker.java:598)
	at org.testng.internal.TestInvoker.invokeTestMethod(TestInvoker.java:173)
	at org.testng.internal.MethodRunner.runInSequence(MethodRunner.java:46)
	at org.testng.internal.TestInvoker$MethodInvocationAgent.invoke(TestInvoker.java:824)
	at org.testng.internal.TestInvoker.invokeTestMethods(TestInvoker.java:146)
	at org.testng.internal.TestMethodWorker.invokeTestMethods(TestMethodWorker.java:146)
	at org.testng.internal.TestMethodWorker.run(TestMethodWorker.java:128)
	at java.base/java.util.ArrayList.forEach(ArrayList.java:1511)
	at org.testng.TestRunner.privateRun(TestRunner.java:794)
	at org.testng.TestRunner.run(TestRunner.java:596)
	at org.testng.SuiteRunner.runTest(SuiteRunner.java:377)
	at org.testng.SuiteRunner.runSequentially(SuiteRunner.java:371)
	at org.testng.SuiteRunner.privateRun(SuiteRunner.java:332)
	at org.testng.SuiteRunner.run(SuiteRunner.java:276)
	at org.testng.SuiteRunnerWorker.runSuite(SuiteRunnerWorker.java:53)
	at org.testng.SuiteRunnerWorker.run(SuiteRunnerWorker.java:96)
	at org.testng.TestNG.runSuitesSequentially(TestNG.java:1212)
	at org.testng.TestNG.runSuitesLocally(TestNG.java:1134)
	at org.testng.TestNG.runSuites(TestNG.java:1063)
	at org.testng.TestNG.run(TestNG.java:1031)
	at org.testng.remote.AbstractRemoteTestNG.run(AbstractRemoteTestNG.java:115)
	at org.testng.remote.RemoteTestNG.initAndRun(RemoteTestNG.java:251)
	at org.testng.remote.RemoteTestNG.main(RemoteTestNG.java:77)
</pre></div></td>
<td>3</td>
<td>Login.LoginTest@62379589</td></tr>
<tr>
<td title='Login.LoginTest.login()'><b>login</b><br>Test class: Login.LoginTest<br>Parameters: kiểm tra đăng nhập thất bại với tên đăng nhập email chưa đăng ký, af141a@gmail.com, 36hsssafd, Địa chỉ email không xác định. Kiểm tra lại hoặc thử tên người dùng của bạn., 1</td>
<td><div><pre>java.lang.AssertionError: expected [Địa chỉ email không xác định. Kiểm tra lại hoặc thử tên người dùng của bạn.] but found [Đăng nhập ‹ Animenews — WordPress]
	at Login.LoginTest.login(LoginTest.java:162)
	at java.base/java.util.ArrayList.forEach(ArrayList.java:1511)
... Removed 32 stack frames</pre></div><a href='#' onClick='toggleBox("stack-trace1438859728", this, "Click to show all stack frames", "Click to hide stack frames")'>Click to show all stack frames</a>
<div class='stack-trace' id='stack-trace1438859728'><pre>java.lang.AssertionError: expected [Địa chỉ email không xác định. Kiểm tra lại hoặc thử tên người dùng của bạn.] but found [Đăng nhập ‹ Animenews — WordPress]
	at org.testng.Assert.fail(Assert.java:99)
	at org.testng.Assert.failNotEquals(Assert.java:1037)
	at org.testng.Assert.assertEqualsImpl(Assert.java:140)
	at org.testng.Assert.assertEquals(Assert.java:122)
	at org.testng.Assert.assertEquals(Assert.java:629)
	at org.testng.Assert.assertEquals(Assert.java:639)
	at Login.LoginTest.login(LoginTest.java:162)
	at jdk.internal.reflect.GeneratedMethodAccessor2.invoke(Unknown Source)
	at java.base/jdk.internal.reflect.DelegatingMethodAccessorImpl.invoke(DelegatingMethodAccessorImpl.java:43)
	at java.base/java.lang.reflect.Method.invoke(Method.java:568)
	at org.testng.internal.MethodInvocationHelper.invokeMethod(MethodInvocationHelper.java:133)
	at org.testng.internal.TestInvoker.invokeMethod(TestInvoker.java:598)
	at org.testng.internal.TestInvoker.invokeTestMethod(TestInvoker.java:173)
	at org.testng.internal.MethodRunner.runInSequence(MethodRunner.java:46)
	at org.testng.internal.TestInvoker$MethodInvocationAgent.invoke(TestInvoker.java:824)
	at org.testng.internal.TestInvoker.invokeTestMethods(TestInvoker.java:146)
	at org.testng.internal.TestMethodWorker.invokeTestMethods(TestMethodWorker.java:146)
	at org.testng.internal.TestMethodWorker.run(TestMethodWorker.java:128)
	at java.base/java.util.ArrayList.forEach(ArrayList.java:1511)
	at org.testng.TestRunner.privateRun(TestRunner.java:794)
	at org.testng.TestRunner.run(TestRunner.java:596)
	at org.testng.SuiteRunner.runTest(SuiteRunner.java:377)
	at org.testng.SuiteRunner.runSequentially(SuiteRunner.java:371)
	at org.testng.SuiteRunner.privateRun(SuiteRunner.java:332)
	at org.testng.SuiteRunner.run(SuiteRunner.java:276)
	at org.testng.SuiteRunnerWorker.runSuite(SuiteRunnerWorker.java:53)
	at org.testng.SuiteRunnerWorker.run(SuiteRunnerWorker.java:96)
	at org.testng.TestNG.runSuitesSequentially(TestNG.java:1212)
	at org.testng.TestNG.runSuitesLocally(TestNG.java:1134)
	at org.testng.TestNG.runSuites(TestNG.java:1063)
	at org.testng.TestNG.run(TestNG.java:1031)
	at org.testng.remote.AbstractRemoteTestNG.run(AbstractRemoteTestNG.java:115)
	at org.testng.remote.RemoteTestNG.initAndRun(RemoteTestNG.java:251)
	at org.testng.remote.RemoteTestNG.main(RemoteTestNG.java:77)
</pre></div></td>
<td>2</td>
<td>Login.LoginTest@62379589</td></tr>
<tr>
<td title='Login.LoginTest.login()'><b>login</b><br>Test class: Login.LoginTest<br>Parameters: kiểm tra đăng nhập thành công với tên đăng nhập email đã đăng ký, afa@gmail.com, d67^NUCfh2*Z&*f3N#5kWpH5, Dashboard ‹ Animenews — WordPress, 1</td>
<td><div><pre>java.lang.AssertionError: expected [Dashboard ‹ Animenews — WordPress] but found [Đăng nhập ‹ Animenews — WordPress]
	at Login.LoginTest.login(LoginTest.java:162)
	at java.base/java.util.ArrayList.forEach(ArrayList.java:1511)
... Removed 33 stack frames</pre></div><a href='#' onClick='toggleBox("stack-trace633103787", this, "Click to show all stack frames", "Click to hide stack frames")'>Click to show all stack frames</a>
<div class='stack-trace' id='stack-trace633103787'><pre>java.lang.AssertionError: expected [Dashboard ‹ Animenews — WordPress] but found [Đăng nhập ‹ Animenews — WordPress]
	at org.testng.Assert.fail(Assert.java:99)
	at org.testng.Assert.failNotEquals(Assert.java:1037)
	at org.testng.Assert.assertEqualsImpl(Assert.java:140)
	at org.testng.Assert.assertEquals(Assert.java:122)
	at org.testng.Assert.assertEquals(Assert.java:629)
	at org.testng.Assert.assertEquals(Assert.java:639)
	at Login.LoginTest.login(LoginTest.java:162)
	at java.base/jdk.internal.reflect.NativeMethodAccessorImpl.invoke0(Native Method)
	at java.base/jdk.internal.reflect.NativeMethodAccessorImpl.invoke(NativeMethodAccessorImpl.java:77)
	at java.base/jdk.internal.reflect.DelegatingMethodAccessorImpl.invoke(DelegatingMethodAccessorImpl.java:43)
	at java.base/java.lang.reflect.Method.invoke(Method.java:568)
	at org.testng.internal.MethodInvocationHelper.invokeMethod(MethodInvocationHelper.java:133)
	at org.testng.internal.TestInvoker.invokeMethod(TestInvoker.java:598)
	at org.testng.internal.TestInvoker.invokeTestMethod(TestInvoker.java:173)
	at org.testng.internal.MethodRunner.runInSequence(MethodRunner.java:46)
	at org.testng.internal.TestInvoker$MethodInvocationAgent.invoke(TestInvoker.java:824)
	at org.testng.internal.TestInvoker.invokeTestMethods(TestInvoker.java:146)
	at org.testng.internal.TestMethodWorker.invokeTestMethods(TestMethodWorker.java:146)
	at org.testng.internal.TestMethodWorker.run(TestMethodWorker.java:128)
	at java.base/java.util.ArrayList.forEach(ArrayList.java:1511)
	at org.testng.TestRunner.privateRun(TestRunner.java:794)
	at org.testng.TestRunner.run(TestRunner.java:596)
	at org.testng.SuiteRunner.runTest(SuiteRunner.java:377)
	at org.testng.SuiteRunner.runSequentially(SuiteRunner.java:371)
	at org.testng.SuiteRunner.privateRun(SuiteRunner.java:332)
	at org.testng.SuiteRunner.run(SuiteRunner.java:276)
	at org.testng.SuiteRunnerWorker.runSuite(SuiteRunnerWorker.java:53)
	at org.testng.SuiteRunnerWorker.run(SuiteRunnerWorker.java:96)
	at org.testng.TestNG.runSuitesSequentially(TestNG.java:1212)
	at org.testng.TestNG.runSuitesLocally(TestNG.java:1134)
	at org.testng.TestNG.runSuites(TestNG.java:1063)
	at org.testng.TestNG.run(TestNG.java:1031)
	at org.testng.remote.AbstractRemoteTestNG.run(AbstractRemoteTestNG.java:115)
	at org.testng.remote.RemoteTestNG.initAndRun(RemoteTestNG.java:251)
	at org.testng.remote.RemoteTestNG.main(RemoteTestNG.java:77)
</pre></div></td>
<td>2</td>
<td>Login.LoginTest@62379589</td></tr>
<tr>
<td title='Login.LoginTest.login()'><b>login</b><br>Test class: Login.LoginTest<br>Parameters: kiểm tra đăng nhập thành công với username đã đăng ký là số, 11111, 11111, Dashboard ‹ Animenews — WordPress, 1</td>
<td><div><pre>java.lang.AssertionError: expected [Dashboard ‹ Animenews — WordPress] but found [Hồ sơ ‹ Animenews — WordPress]
	at Login.LoginTest.login(LoginTest.java:162)
	at java.base/java.util.ArrayList.forEach(ArrayList.java:1511)
... Removed 32 stack frames</pre></div><a href='#' onClick='toggleBox("stack-trace102849021", this, "Click to show all stack frames", "Click to hide stack frames")'>Click to show all stack frames</a>
<div class='stack-trace' id='stack-trace102849021'><pre>java.lang.AssertionError: expected [Dashboard ‹ Animenews — WordPress] but found [Hồ sơ ‹ Animenews — WordPress]
	at org.testng.Assert.fail(Assert.java:99)
	at org.testng.Assert.failNotEquals(Assert.java:1037)
	at org.testng.Assert.assertEqualsImpl(Assert.java:140)
	at org.testng.Assert.assertEquals(Assert.java:122)
	at org.testng.Assert.assertEquals(Assert.java:629)
	at org.testng.Assert.assertEquals(Assert.java:639)
	at Login.LoginTest.login(LoginTest.java:162)
	at jdk.internal.reflect.GeneratedMethodAccessor2.invoke(Unknown Source)
	at java.base/jdk.internal.reflect.DelegatingMethodAccessorImpl.invoke(DelegatingMethodAccessorImpl.java:43)
	at java.base/java.lang.reflect.Method.invoke(Method.java:568)
	at org.testng.internal.MethodInvocationHelper.invokeMethod(MethodInvocationHelper.java:133)
	at org.testng.internal.TestInvoker.invokeMethod(TestInvoker.java:598)
	at org.testng.internal.TestInvoker.invokeTestMethod(TestInvoker.java:173)
	at org.testng.internal.MethodRunner.runInSequence(MethodRunner.java:46)
	at org.testng.internal.TestInvoker$MethodInvocationAgent.invoke(TestInvoker.java:824)
	at org.testng.internal.TestInvoker.invokeTestMethods(TestInvoker.java:146)
	at org.testng.internal.TestMethodWorker.invokeTestMethods(TestMethodWorker.java:146)
	at org.testng.internal.TestMethodWorker.run(TestMethodWorker.java:128)
	at java.base/java.util.ArrayList.forEach(ArrayList.java:1511)
	at org.testng.TestRunner.privateRun(TestRunner.java:794)
	at org.testng.TestRunner.run(TestRunner.java:596)
	at org.testng.SuiteRunner.runTest(SuiteRunner.java:377)
	at org.testng.SuiteRunner.runSequentially(SuiteRunner.java:371)
	at org.testng.SuiteRunner.privateRun(SuiteRunner.java:332)
	at org.testng.SuiteRunner.run(SuiteRunner.java:276)
	at org.testng.SuiteRunnerWorker.runSuite(SuiteRunnerWorker.java:53)
	at org.testng.SuiteRunnerWorker.run(SuiteRunnerWorker.java:96)
	at org.testng.TestNG.runSuitesSequentially(TestNG.java:1212)
	at org.testng.TestNG.runSuitesLocally(TestNG.java:1134)
	at org.testng.TestNG.runSuites(TestNG.java:1063)
	at org.testng.TestNG.run(TestNG.java:1031)
	at org.testng.remote.AbstractRemoteTestNG.run(AbstractRemoteTestNG.java:115)
	at org.testng.remote.RemoteTestNG.initAndRun(RemoteTestNG.java:251)
	at org.testng.remote.RemoteTestNG.main(RemoteTestNG.java:77)
</pre></div></td>
<td>10</td>
<td>Login.LoginTest@62379589</td></tr>
</table><p>
<table width='100%' border='1' class='invocation-passed'>
<tr><td colspan='4' align='center'><b>PASSED TESTS</b></td></tr>
<tr><td><b>Test method</b></td>
<td width="30%"><b>Exception</b></td>
<td width="10%"><b>Time (seconds)</b></td>
<td><b>Instance</b></td>
</tr>
<tr>
<td title='Login.LoginTest.login()'><b>login</b><br>Test class: Login.LoginTest<br>Parameters: Kiểm tra đăng nhập với password  chứa ký tự có dấu, wordpress, húnos, Lỗi: Mật khẩu mà bạn đã nhập cho người dùng wordpress chưa đúng. Bạn quên mật khẩu?, 0</td>
<td></td>
<td>3</td>
<td>Login.LoginTest@62379589</td></tr>
<tr>
<td title='Login.LoginTest.login()'><b>login</b><br>Test class: Login.LoginTest<br>Parameters: kiểm tra đăng nhập thất bại với password là ký tự đặc biệt, aaaaa, #*#&@%1, Lỗi: Mật khẩu mà bạn đã nhập cho người dùng aaaaa chưa đúng. Bạn quên mật khẩu?, 0</td>
<td></td>
<td>2</td>
<td>Login.LoginTest@62379589</td></tr>
<tr>
<td title='Login.LoginTest.login()'><b>login</b><br>Test class: Login.LoginTest<br>Parameters: kiểm tra đăng nhập thất bại với password là số, aaaaa, 111111, Lỗi: Mật khẩu mà bạn đã nhập cho người dùng aaaaa chưa đúng. Bạn quên mật khẩu?, 0</td>
<td></td>
<td>2</td>
<td>Login.LoginTest@62379589</td></tr>
<tr>
<td title='Login.LoginTest.login()'><b>login</b><br>Test class: Login.LoginTest<br>Parameters: Kiểm tra max length password, wordpress, LoremIpsumissimplydummytextAwhitespaceremovercanbeusefulifyouredoingcrossbrowsertestingForexampleifyouretestingasubmissionforminvariousbrowsersyoumaywanttofillitfullywithtextsothattherearenolinebreaksSimilarlyyoumaywanttotestinputelementswithverylongtextthathasnospacesAndanotherexampleisgeneratingrandomlookingdataasafterremovingwhitespacesthetextbecomesverylongwithnowordstructureLoremIpsumissimplydummytextAwhitespaceremovercanbeusefulifyouredoingcrossLoremIpsumissimplydummytextAwhitespaceremovercanbeusefulifyouredoingcrossbrowsertestingForexampleifyouretestingasubmissionforminvariousbrowsersyoumaywanttofillitfullywithtextsothattherearenolinebreaksSimilarlyyoumaywanttotestinputelementswithverylongtextthathasnospacesAndanotherexampleisgeneratingrandomlookingdataasafterremovingwhitespacesthetextbecomesverylongwithnowordstructureLoremIpsumissimplydummytextAwhitespaceremovercanbeusefulifyouredoingcrossndanotherexampleisgeneratingrandomlookingdataasafterremovingwhitespacesthetextbecomesverylongwithnowordstructureLoremIpsumissimplydummytextAwhitespaceremovercanbeusefulifyouredoingcross, Lỗi: Mật khẩu mà bạn đã nhập cho người dùng wordpress chưa đúng. Bạn quên mật khẩu?, 0</td>
<td></td>
<td>4</td>
<td>Login.LoginTest@62379589</td></tr>
<tr>
<td title='Login.LoginTest.login()'><b>login</b><br>Test class: Login.LoginTest<br>Parameters: kiểm tra đăng nhập thất bại với password là chữ cái, aaaaa, aaaaa2, Lỗi: Mật khẩu mà bạn đã nhập cho người dùng aaaaa chưa đúng. Bạn quên mật khẩu?, 0</td>
<td></td>
<td>3</td>
<td>Login.LoginTest@62379589</td></tr>
<tr>
<td title='Login.LoginTest.login()'><b>login</b><br>Test class: Login.LoginTest<br>Parameters: Kiểm tra đăng nhập để trống username, , 11414, Lỗi: Mục nhập tên người dùng trống., 0</td>
<td></td>
<td>2</td>
<td>Login.LoginTest@62379589</td></tr>
<tr>
<td title='Login.LoginTest.login()'><b>login</b><br>Test class: Login.LoginTest<br>Parameters: kiểm tra đăng nhập thất bại tên đăng nhập người dùng sai password, wordpress, 36hssd, Lỗi: Mật khẩu mà bạn đã nhập cho người dùng wordpress chưa đúng. Bạn quên mật khẩu?, 0</td>
<td></td>
<td>3</td>
<td>Login.LoginTest@62379589</td></tr>
<tr>
<td title='Login.LoginTest.login()'><b>login</b><br>Test class: Login.LoginTest<br>Parameters: kiểm tra đăng nhập thất bại với username chưa đăng ký là chữ ký tự đặc biệt, f%$@%, 11111, Lỗi: tên đăng nhập f%$@% chưa được đăng ký trên trang web này. Nếu bạn không chắc chắn về tên người dùng của mình, hãy thử địa chỉ email của bạn., 0</td>
<td></td>
<td>3</td>
<td>Login.LoginTest@62379589</td></tr>
<tr>
<td title='Login.LoginTest.login()'><b>login</b><br>Test class: Login.LoginTest<br>Parameters: Kiểm tra đăng nhập để trống, , , Lỗi: Mục nhập tên người dùng trống.
Lỗi: Mục nhập mật khẩu trống., 0</td>
<td></td>
<td>2</td>
<td>Login.LoginTest@62379589</td></tr>
<tr>
<td title='Login.LoginTest.login()'><b>login</b><br>Test class: Login.LoginTest<br>Parameters: kiểm tra đăng nhập thất bại với username chứa space, wordp ress2q, 36hssd, Lỗi: tên đăng nhập wordp ress2q chưa được đăng ký trên trang web này. Nếu bạn không chắc chắn về tên người dùng của mình, hãy thử địa chỉ email của bạn., 0</td>
<td></td>
<td>2</td>
<td>Login.LoginTest@62379589</td></tr>
<tr>
<td title='Login.LoginTest.login()'><b>login</b><br>Test class: Login.LoginTest<br>Parameters: kiểm tra đăng nhập thất bại với password chứa space, aaaaa, aaa aa2, Lỗi: Mật khẩu mà bạn đã nhập cho người dùng aaaaa chưa đúng. Bạn quên mật khẩu?, 0</td>
<td></td>
<td>3</td>
<td>Login.LoginTest@62379589</td></tr>
<tr>
<td title='Login.LoginTest.login()'><b>login</b><br>Test class: Login.LoginTest<br>Parameters: Kiểm tra min length password, wordpress, , Lỗi: Mục nhập mật khẩu trống., 0</td>
<td></td>
<td>6</td>
<td>Login.LoginTest@62379589</td></tr>
<tr>
<td title='Login.LoginTest.login()'><b>login</b><br>Test class: Login.LoginTest<br>Parameters: Kiểm tra min length username, , hanos, Lỗi: Mục nhập tên người dùng trống., 0</td>
<td></td>
<td>2</td>
<td>Login.LoginTest@62379589</td></tr>
<tr>
<td title='Login.LoginTest.login()'><b>login</b><br>Test class: Login.LoginTest<br>Parameters: Kiểm tra đăng nhập để trống password, wordpress, , Lỗi: Mục nhập mật khẩu trống., 0</td>
<td></td>
<td>2</td>
<td>Login.LoginTest@62379589</td></tr>
</table><p>
</body>
</html>