<?xml version="1.0" encoding="UTF-8"?>
<!-- Generated by org.testng.reporters.JUnitXMLReporter -->
<testsuite ignored="4" hostname="ShikiOri" failures="1" tests="1" name="Test email null" time="16.232" errors="0" timestamp="2021-12-08T15:01:32 ICT">
  <testcase classname="AddUser.AddUserTest" name="checkFocusUserAndEmail" time="0.717">
    <failure type="java.lang.AssertionError" message="expected [false] but found [true]">
      <![CDATA[java.lang.AssertionError: expected [false] but found [true]
at AddUser.AddUserTest.checkFocusUserAndEmail(AddUserTest.java:132)
at java.base/java.util.ArrayList.forEach(ArrayList.java:1511)
... Removed 33 stack frames]]>
    </failure>
  </testcase> <!-- checkFocusUserAndEmail -->
  <testcase classname="AddUser.AddUserTest" name="checkFocusPassword" time="0.0">
    <ignored/>
  </testcase> <!-- checkFocusPassword -->
  <testcase classname="AddUser.AddUserTest" name="addUser" time="0.0">
    <ignored/>
  </testcase> <!-- addUser -->
  <testcase classname="AddUser.AddUserTest" name="isWebsiteFiedSave" time="0.0">
    <ignored/>
  </testcase> <!-- isWebsiteFiedSave -->
  <testcase classname="AddUser.AddUserTest" name="activeCheckBoxConfirmWeakPassword" time="0.0">
    <ignored/>
  </testcase> <!-- activeCheckBoxConfirmWeakPassword -->
</testsuite> <!-- Test email null -->
