<?xml version="1.0" encoding="UTF-8"?>
<!-- Generated by org.testng.reporters.JUnitXMLReporter -->
<testsuite ignored="4" hostname="ShikiOri" failures="20" tests="36" name="Test add user" time="530.928" errors="0" timestamp="2021-12-08T18:46:24 ICT">
  <testcase classname="AddUser.AddUserTest" name="addUser" time="4.625">
    <failure type="java.lang.NullPointerException" message="Cannot invoke &amp;quot;String.equalsIgnoreCase(String)&amp;quot; because &amp;quot;type&amp;quot; is null">
      <![CDATA[java.lang.NullPointerException: Cannot invoke "String.equalsIgnoreCase(String)" because "type" is null
at AddUser.AddUserTest.addUser(AddUserTest.java:251)
at java.base/java.util.ArrayList.forEach(ArrayList.java:1511)
... Removed 27 stack frames]]>
    </failure>
  </testcase> <!-- addUser -->
  <testcase classname="AddUser.AddUserTest" name="addUser" time="9.967"/>
  <testcase classname="AddUser.AddUserTest" name="addUser" time="9.171"/>
  <testcase classname="AddUser.AddUserTest" name="addUser" time="7.441">
    <failure type="java.lang.AssertionError" message="expected [Username may not be longer than 60 characters.] but found [New user created. Edit user]">
      <![CDATA[java.lang.AssertionError: expected [Username may not be longer than 60 characters.] but found [New user created. Edit user]
at AddUser.AddUserTest.addUser(AddUserTest.java:269)
at java.base/java.util.ArrayList.forEach(ArrayList.java:1511)
... Removed 33 stack frames]]>
    </failure>
  </testcase> <!-- addUser -->
  <testcase classname="AddUser.AddUserTest" name="addUser" time="4.85">
    <failure type="java.lang.AssertionError" message="expected [Error: This username is invalid because it uses illegal characters. Please enter a valid username.] but found [0000]">
      <![CDATA[java.lang.AssertionError: expected [Error: This username is invalid because it uses illegal characters. Please enter a valid username.] but found [0000]
at AddUser.AddUserTest.addUser(AddUserTest.java:269)
at java.base/java.util.ArrayList.forEach(ArrayList.java:1511)
... Removed 33 stack frames]]>
    </failure>
  </testcase> <!-- addUser -->
  <testcase classname="AddUser.AddUserTest" name="addUser" time="5.129">
    <failure type="java.lang.AssertionError" message="expected [New user created. Edit user] but found [0000]">
      <![CDATA[java.lang.AssertionError: expected [New user created. Edit user] but found [0000]
at AddUser.AddUserTest.addUser(AddUserTest.java:260)
at java.base/java.util.ArrayList.forEach(ArrayList.java:1511)
... Removed 33 stack frames]]>
    </failure>
  </testcase> <!-- addUser -->
  <testcase classname="AddUser.AddUserTest" name="addUser" time="8.042"/>
  <testcase classname="AddUser.AddUserTest" name="addUser" time="6.389">
    <failure type="java.lang.AssertionError" message="expected [New user created. Edit user] but found [Error: Passwords don’t match. Please enter the same password in both password fields.]">
      <![CDATA[java.lang.AssertionError: expected [New user created. Edit user] but found [Error: Passwords don’t match. Please enter the same password in both password fields.]
at AddUser.AddUserTest.addUser(AddUserTest.java:260)
at java.base/java.util.ArrayList.forEach(ArrayList.java:1511)
... Removed 33 stack frames]]>
    </failure>
  </testcase> <!-- addUser -->
  <testcase classname="AddUser.AddUserTest" name="addUser" time="8.133">
    <failure type="java.lang.AssertionError" message="expected [Error: This username is already registered. Please choose another one.] but found [New user created. Edit user]">
      <![CDATA[java.lang.AssertionError: expected [Error: This username is already registered. Please choose another one.] but found [New user created. Edit user]
at AddUser.AddUserTest.addUser(AddUserTest.java:269)
at java.base/java.util.ArrayList.forEach(ArrayList.java:1511)
... Removed 33 stack frames]]>
    </failure>
  </testcase> <!-- addUser -->
  <testcase classname="AddUser.AddUserTest" name="addUser" time="6.228">
    <failure type="java.lang.AssertionError" message="expected [New user created. Edit user] but found [Error: Passwords don’t match. Please enter the same password in both password fields.]">
      <![CDATA[java.lang.AssertionError: expected [New user created. Edit user] but found [Error: Passwords don’t match. Please enter the same password in both password fields.]
at AddUser.AddUserTest.addUser(AddUserTest.java:260)
at java.base/java.util.ArrayList.forEach(ArrayList.java:1511)
... Removed 33 stack frames]]>
    </failure>
  </testcase> <!-- addUser -->
  <testcase classname="AddUser.AddUserTest" name="addUser" time="8.133"/>
  <testcase classname="AddUser.AddUserTest" name="addUser" time="9.516"/>
  <testcase classname="AddUser.AddUserTest" name="addUser" time="4.855">
    <failure type="java.lang.AssertionError" message="expected [Email may not be longer than 100 characters.] but found [0000]">
      <![CDATA[java.lang.AssertionError: expected [Email may not be longer than 100 characters.] but found [0000]
at AddUser.AddUserTest.addUser(AddUserTest.java:269)
at java.base/java.util.ArrayList.forEach(ArrayList.java:1511)
... Removed 33 stack frames]]>
    </failure>
  </testcase> <!-- addUser -->
  <testcase classname="AddUser.AddUserTest" name="addUser" time="8.874"/>
  <testcase classname="AddUser.AddUserTest" name="addUser" time="7.889"/>
  <testcase classname="AddUser.AddUserTest" name="addUser" time="4.832">
    <failure type="java.lang.AssertionError" message="expected [New user created. Edit user] but found [0000]">
      <![CDATA[java.lang.AssertionError: expected [New user created. Edit user] but found [0000]
at AddUser.AddUserTest.addUser(AddUserTest.java:260)
at java.base/java.util.ArrayList.forEach(ArrayList.java:1511)
... Removed 33 stack frames]]>
    </failure>
  </testcase> <!-- addUser -->
  <testcase classname="AddUser.AddUserTest" name="addUser" time="6.29">
    <failure type="java.lang.AssertionError" message="expected [New user created. Edit user] but found [Error: The email address isn’t correct.]">
      <![CDATA[java.lang.AssertionError: expected [New user created. Edit user] but found [Error: The email address isn’t correct.]
at AddUser.AddUserTest.addUser(AddUserTest.java:260)
at java.base/java.util.ArrayList.forEach(ArrayList.java:1511)
... Removed 32 stack frames]]>
    </failure>
  </testcase> <!-- addUser -->
  <testcase classname="AddUser.AddUserTest" name="addUser" time="8.963"/>
  <testcase classname="AddUser.AddUserTest" name="addUser" time="7.049">
    <failure type="java.lang.AssertionError" message="expected [Error: This email is already registered. Please choose another one.] but found [New user created. Edit user]">
      <![CDATA[java.lang.AssertionError: expected [Error: This email is already registered. Please choose another one.] but found [New user created. Edit user]
at AddUser.AddUserTest.addUser(AddUserTest.java:269)
at java.base/java.util.ArrayList.forEach(ArrayList.java:1511)
... Removed 32 stack frames]]>
    </failure>
  </testcase> <!-- addUser -->
  <testcase classname="AddUser.AddUserTest" name="addUser" time="9.503"/>
  <testcase classname="AddUser.AddUserTest" name="addUser" time="9.071"/>
  <testcase classname="AddUser.AddUserTest" name="addUser" time="7.88"/>
  <testcase classname="AddUser.AddUserTest" name="addUser" time="8.949"/>
  <testcase classname="AddUser.AddUserTest" name="addUser" time="9.684"/>
  <testcase classname="AddUser.AddUserTest" name="addUser" time="8.783"/>
  <testcase classname="AddUser.AddUserTest" name="addUser" time="9.156"/>
  <testcase classname="AddUser.AddUserTest" name="addUser" time="9.089"/>
  <testcase classname="AddUser.AddUserTest" name="addUser" time="6.231">
    <failure type="java.lang.AssertionError" message="expected [New user created. Edit user] but found [Error: Passwords don’t match. Please enter the same password in both password fields.]">
      <![CDATA[java.lang.AssertionError: expected [New user created. Edit user] but found [Error: Passwords don’t match. Please enter the same password in both password fields.]
at AddUser.AddUserTest.addUser(AddUserTest.java:260)
at java.base/java.util.ArrayList.forEach(ArrayList.java:1511)
... Removed 32 stack frames]]>
    </failure>
  </testcase> <!-- addUser -->
  <testcase classname="AddUser.AddUserTest" name="addUser" time="4.891">
    <failure type="java.lang.AssertionError" message="expected [New user created. Edit user] but found [0000]">
      <![CDATA[java.lang.AssertionError: expected [New user created. Edit user] but found [0000]
at AddUser.AddUserTest.addUser(AddUserTest.java:260)
at java.base/java.util.ArrayList.forEach(ArrayList.java:1511)
... Removed 32 stack frames]]>
    </failure>
  </testcase> <!-- addUser -->
  <testcase classname="AddUser.AddUserTest" name="addUser" time="4.732">
    <failure type="java.lang.AssertionError" message="expected [New user created. Edit user] but found [0000]">
      <![CDATA[java.lang.AssertionError: expected [New user created. Edit user] but found [0000]
at AddUser.AddUserTest.addUser(AddUserTest.java:260)
at java.base/java.util.ArrayList.forEach(ArrayList.java:1511)
... Removed 32 stack frames]]>
    </failure>
  </testcase> <!-- addUser -->
  <testcase classname="AddUser.AddUserTest" name="addUser" time="4.663">
    <failure type="java.lang.AssertionError" message="expected [New user created. Edit user] but found [0000]">
      <![CDATA[java.lang.AssertionError: expected [New user created. Edit user] but found [0000]
at AddUser.AddUserTest.addUser(AddUserTest.java:260)
at java.base/java.util.ArrayList.forEach(ArrayList.java:1511)
... Removed 32 stack frames]]>
    </failure>
  </testcase> <!-- addUser -->
  <testcase classname="AddUser.AddUserTest" name="addUser" time="4.773">
    <failure type="java.lang.AssertionError" message="expected [New user created. Edit user] but found [0000]">
      <![CDATA[java.lang.AssertionError: expected [New user created. Edit user] but found [0000]
at AddUser.AddUserTest.addUser(AddUserTest.java:260)
at java.base/java.util.ArrayList.forEach(ArrayList.java:1511)
... Removed 32 stack frames]]>
    </failure>
  </testcase> <!-- addUser -->
  <testcase classname="AddUser.AddUserTest" name="addUser" time="4.824">
    <failure type="java.lang.AssertionError" message="expected [New user created. Edit user] but found [0000]">
      <![CDATA[java.lang.AssertionError: expected [New user created. Edit user] but found [0000]
at AddUser.AddUserTest.addUser(AddUserTest.java:260)
at java.base/java.util.ArrayList.forEach(ArrayList.java:1511)
... Removed 32 stack frames]]>
    </failure>
  </testcase> <!-- addUser -->
  <testcase classname="AddUser.AddUserTest" name="addUser" time="4.867">
    <failure type="java.lang.AssertionError" message="expected [New user created. Edit user] but found [0000]">
      <![CDATA[java.lang.AssertionError: expected [New user created. Edit user] but found [0000]
at AddUser.AddUserTest.addUser(AddUserTest.java:260)
at java.base/java.util.ArrayList.forEach(ArrayList.java:1511)
... Removed 32 stack frames]]>
    </failure>
  </testcase> <!-- addUser -->
  <testcase classname="AddUser.AddUserTest" name="addUser" time="4.817">
    <failure type="java.lang.AssertionError" message="expected [New user created. Edit user] but found [0000]">
      <![CDATA[java.lang.AssertionError: expected [New user created. Edit user] but found [0000]
at AddUser.AddUserTest.addUser(AddUserTest.java:260)
at java.base/java.util.ArrayList.forEach(ArrayList.java:1511)
... Removed 32 stack frames]]>
    </failure>
  </testcase> <!-- addUser -->
  <testcase classname="AddUser.AddUserTest" name="addUser" time="4.937">
    <failure type="java.lang.AssertionError" message="expected [New user created. Edit user] but found [0000]">
      <![CDATA[java.lang.AssertionError: expected [New user created. Edit user] but found [0000]
at AddUser.AddUserTest.addUser(AddUserTest.java:260)
at java.base/java.util.ArrayList.forEach(ArrayList.java:1511)
... Removed 32 stack frames]]>
    </failure>
  </testcase> <!-- addUser -->
  <testcase classname="AddUser.AddUserTest" name="checkFocusPassword" time="0.0">
    <ignored/>
  </testcase> <!-- checkFocusPassword -->
  <testcase classname="AddUser.AddUserTest" name="checkFocusUserAndEmail" time="0.0">
    <ignored/>
  </testcase> <!-- checkFocusUserAndEmail -->
  <testcase classname="AddUser.AddUserTest" name="isWebsiteFiedSave" time="0.0">
    <ignored/>
  </testcase> <!-- isWebsiteFiedSave -->
  <testcase classname="AddUser.AddUserTest" name="activeCheckBoxConfirmWeakPassword" time="0.0">
    <ignored/>
  </testcase> <!-- activeCheckBoxConfirmWeakPassword -->
</testsuite> <!-- Test add user -->
